<?xml version="1.0" encoding="UTF-8"?>
<!-- Generated by org.testng.reporters.JUnitXMLReporter -->
<testsuite ignored="0" hostname="LAPTOP-R4HJVFMQ" failures="0" tests="7" name="Test" time="293.688" errors="0" timestamp="2023-05-16T15:08:28 IST">
  <testcase classname="crmtests.LoginPageTest" name="validateLinksTest" time="0.082"/>
  <testcase classname="crmtests.LoginPageTest" name="validateLoginTest" time="14.209"/>
  <testcase classname="crmtests.LoginPageTest" name="validateLogoTest" time="0.054"/>
  <testcase classname="crmtests.HomePageTest" name="ValidateHomePageLogoTest" time="0.08"/>
  <testcase classname="crmtests.HomePageTest" name="validateLogOutTest" time="1.962"/>
  <testcase classname="crmtests.HomePageTest" name="validateRedirectionOfCreateContactTest" time="6.563"/>
  <testcase classname="crmtests.HomePageTest" name="validateUserTest" time="0.083"/>
</testsuite> <!-- Test -->
